# JRE version: Java(TM) SE Runtime Environment (8.0_201-b09) (build 1.8.0_201-b09)
# Java VM: Java HotSpot(TM) 64-Bit Server VM (25.201-b09 mixed mode windows-amd64 compressed oops)
Heap:
 PSYoungGen      total 151040K, used 29781K [0x00000000d6200000, 0x00000000e1780000, 0x0000000100000000)
  eden space 141824K, 14% used [0x00000000d6200000,0x00000000d76712c0,0x00000000dec80000)
  from space 9216K, 96% used [0x00000000e0e80000,0x00000000e1724348,0x00000000e1780000)
  to   space 13312K, 0% used [0x00000000dfd80000,0x00000000dfd80000,0x00000000e0a80000)
 ParOldGen       total 94720K, used 19007K [0x0000000082600000, 0x0000000088280000, 0x00000000d6200000)
  object space 94720K, 20% used [0x0000000082600000,0x000000008388ff50,0x0000000088280000)
 Metaspace       used 45151K, capacity 47023K, committed 47104K, reserved 1089536K
  class space    used 5787K, capacity 6139K, committed 6144K, reserved 1048576K
GC Heap History (10 events):
Event: 2.028 GC heap before
{Heap before GC invocations=6 (full 1):
 PSYoungGen      total 70656K, used 65536K [0x00000000d6200000, 0x00000000dac00000, 0x0000000100000000)
  eden space 65536K, 100% used [0x00000000d6200000,0x00000000da200000,0x00000000da200000)
  from space 5120K, 0% used [0x00000000da700000,0x00000000da700000,0x00000000dac00000)
  to   space 5120K, 0% used [0x00000000da200000,0x00000000da200000,0x00000000da700000)
 ParOldGen       total 56832K, used 7631K [0x0000000082600000, 0x0000000085d80000, 0x00000000d6200000)
  object space 56832K, 13% used [0x0000000082600000,0x0000000082d73d70,0x0000000085d80000)
 Metaspace       used 23669K, capacity 24496K, committed 24704K, reserved 1071104K
  class space    used 3156K, capacity 3364K, committed 3456K, reserved 1048576K
Event: 2.033 GC heap after
Heap after GC invocations=6 (full 1):
 PSYoungGen      total 70656K, used 5116K [0x00000000d6200000, 0x00000000dda00000, 0x0000000100000000)
  eden space 65536K, 0% used [0x00000000d6200000,0x00000000d6200000,0x00000000da200000)
  from space 5120K, 99% used [0x00000000da200000,0x00000000da6ff2a8,0x00000000da700000)
  to   space 8704K, 0% used [0x00000000dd180000,0x00000000dd180000,0x00000000dda00000)
 ParOldGen       total 56832K, used 8523K [0x0000000082600000, 0x0000000085d80000, 0x00000000d6200000)
  object space 56832K, 14% used [0x0000000082600000,0x0000000082e52f20,0x0000000085d80000)
 Metaspace       used 23669K, capacity 24496K, committed 24704K, reserved 1071104K
  class space    used 3156K, capacity 3364K, committed 3456K, reserved 1048576K
}
Event: 2.458 GC heap before
{Heap before GC invocations=7 (full 1):
 PSYoungGen      total 70656K, used 70652K [0x00000000d6200000, 0x00000000dda00000, 0x0000000100000000)
  eden space 65536K, 100% used [0x00000000d6200000,0x00000000da200000,0x00000000da200000)
  from space 5120K, 99% used [0x00000000da200000,0x00000000da6ff2a8,0x00000000da700000)
  to   space 8704K, 0% used [0x00000000dd180000,0x00000000dd180000,0x00000000dda00000)
 ParOldGen       total 56832K, used 8523K [0x0000000082600000, 0x0000000085d80000, 0x00000000d6200000)
  object space 56832K, 14% used [0x0000000082600000,0x0000000082e52f20,0x0000000085d80000)
 Metaspace       used 27910K, capacity 29314K, committed 29440K, reserved 1075200K
  class space    used 3748K, capacity 4057K, committed 4096K, reserved 1048576K
Event: 2.464 GC heap after
Heap after GC invocations=7 (full 1):
 PSYoungGen      total 112640K, used 8701K [0x00000000d6200000, 0x00000000ddb80000, 0x0000000100000000)
  eden space 103936K, 0% used [0x00000000d6200000,0x00000000d6200000,0x00000000dc780000)
  from space 8704K, 99% used [0x00000000dd180000,0x00000000dd9ff5d8,0x00000000dda00000)
  to   space 10240K, 0% used [0x00000000dc780000,0x00000000dc780000,0x00000000dd180000)
 ParOldGen       total 56832K, used 9129K [0x0000000082600000, 0x0000000085d80000, 0x00000000d6200000)
  object space 56832K, 16% used [0x0000000082600000,0x0000000082eea510,0x0000000085d80000)
 Metaspace       used 27910K, capacity 29314K, committed 29440K, reserved 1075200K
  class space    used 3748K, capacity 4057K, committed 4096K, reserved 1048576K
}
Event: 2.996 GC heap before
{Heap before GC invocations=8 (full 1):
 PSYoungGen      total 112640K, used 75907K [0x00000000d6200000, 0x00000000ddb80000, 0x0000000100000000)
  eden space 103936K, 64% used [0x00000000d6200000,0x00000000da3a1880,0x00000000dc780000)
  from space 8704K, 99% used [0x00000000dd180000,0x00000000dd9ff5d8,0x00000000dda00000)
  to   space 10240K, 0% used [0x00000000dc780000,0x00000000dc780000,0x00000000dd180000)
 ParOldGen       total 56832K, used 9129K [0x0000000082600000, 0x0000000085d80000, 0x00000000d6200000)
  object space 56832K, 16% used [0x0000000082600000,0x0000000082eea510,0x0000000085d80000)
 Metaspace       used 33894K, capacity 35264K, committed 35456K, reserved 1079296K
  class space    used 4375K, capacity 4646K, committed 4736K, reserved 1048576K
Event: 3.006 GC heap after
Heap after GC invocations=8 (full 1):
 PSYoungGen      total 114176K, used 10232K [0x00000000d6200000, 0x00000000e1b80000, 0x0000000100000000)
  eden space 103936K, 0% used [0x00000000d6200000,0x00000000d6200000,0x00000000dc780000)
  from space 10240K, 99% used [0x00000000dc780000,0x00000000dd17e018,0x00000000dd180000)
  to   space 13312K, 0% used [0x00000000e0e80000,0x00000000e0e80000,0x00000000e1b80000)
 ParOldGen       total 56832K, used 13142K [0x0000000082600000, 0x0000000085d80000, 0x00000000d6200000)
  object space 56832K, 23% used [0x0000000082600000,0x00000000832d5910,0x0000000085d80000)
 Metaspace       used 33894K, capacity 35264K, committed 35456K, reserved 1079296K
  class space    used 4375K, capacity 4646K, committed 4736K, reserved 1048576K
}
Event: 3.006 GC heap before
{Heap before GC invocations=9 (full 2):
 PSYoungGen      total 114176K, used 10232K [0x00000000d6200000, 0x00000000e1b80000, 0x0000000100000000)
  eden space 103936K, 0% used [0x00000000d6200000,0x00000000d6200000,0x00000000dc780000)
  from space 10240K, 99% used [0x00000000dc780000,0x00000000dd17e018,0x00000000dd180000)
  to   space 13312K, 0% used [0x00000000e0e80000,0x00000000e0e80000,0x00000000e1b80000)
 ParOldGen       total 56832K, used 13142K [0x0000000082600000, 0x0000000085d80000, 0x00000000d6200000)
  object space 56832K, 23% used [0x0000000082600000,0x00000000832d5910,0x0000000085d80000)
 Metaspace       used 33894K, capacity 35264K, committed 35456K, reserved 1079296K
  class space    used 4375K, capacity 4646K, committed 4736K, reserved 1048576K
Event: 3.061 GC heap after
Heap after GC invocations=9 (full 2):
 PSYoungGen      total 114176K, used 0K [0x00000000d6200000, 0x00000000e1b80000, 0x0000000100000000)
  eden space 103936K, 0% used [0x00000000d6200000,0x00000000d6200000,0x00000000dc780000)
  from space 10240K, 0% used [0x00000000dc780000,0x00000000dc780000,0x00000000dd180000)
  to   space 13312K, 0% used [0x00000000e0e80000,0x00000000e0e80000,0x00000000e1b80000)
 ParOldGen       total 94720K, used 18999K [0x0000000082600000, 0x0000000088280000, 0x00000000d6200000)
  object space 94720K, 20% used [0x0000000082600000,0x000000008388df50,0x0000000088280000)
 Metaspace       used 33894K, capacity 35264K, committed 35456K, reserved 1079296K
  class space    used 4375K, capacity 4646K, committed 4736K, reserved 1048576K
}
Event: 9.453 GC heap before
{Heap before GC invocations=10 (full 2):
 PSYoungGen      total 114176K, used 103936K [0x00000000d6200000, 0x00000000e1b80000, 0x0000000100000000)
  eden space 103936K, 100% used [0x00000000d6200000,0x00000000dc780000,0x00000000dc780000)
  from space 10240K, 0% used [0x00000000dc780000,0x00000000dc780000,0x00000000dd180000)
  to   space 13312K, 0% used [0x00000000e0e80000,0x00000000e0e80000,0x00000000e1b80000)
 ParOldGen       total 94720K, used 18999K [0x0000000082600000, 0x0000000088280000, 0x00000000d6200000)
  object space 94720K, 20% used [0x0000000082600000,0x000000008388df50,0x0000000088280000)
 Metaspace       used 41342K, capacity 43185K, committed 43392K, reserved 1087488K
  class space    used 5388K, capacity 5738K, committed 5760K, reserved 1048576K
Event: 9.463 GC heap after
Heap after GC invocations=10 (full 2):
 PSYoungGen      total 151040K, used 8848K [0x00000000d6200000, 0x00000000e1780000, 0x0000000100000000)
  eden space 141824K, 0% used [0x00000000d6200000,0x00000000d6200000,0x00000000dec80000)
  from space 9216K, 96% used [0x00000000e0e80000,0x00000000e1724348,0x00000000e1780000)
  to   space 13312K, 0% used [0x00000000dfd80000,0x00000000dfd80000,0x00000000e0a80000)
 ParOldGen       total 94720K, used 19007K [0x0000000082600000, 0x0000000088280000, 0x00000000d6200000)
  object space 94720K, 20% used [0x0000000082600000,0x000000008388ff50,0x0000000088280000)
 Metaspace       used 41342K, capacity 43185K, committed 43392K, reserved 1087488K
  class space    used 5388K, capacity 5738K, committed 5760K, reserved 1048576K
}

